{
  "stats": {
    "suites": 1,
    "tests": 4,
    "passes": 4,
    "pending": 0,
    "failures": 0,
    "start": "2026-06-21T21:53:29.586Z",
    "end": "2026-06-21T21:53:29.592Z",
    "duration": 6,
    "testsRegistered": 4,
    "passPercent": 100,
    "pendingPercent": 0,
    "other": 0,
    "hasOther": false,
    "skipped": 0,
    "hasSkipped": false
  },
  "results": [
    {
      "uuid": "b8005194-910e-48bb-80a1-5dc417e9895f",
      "title": "",
      "fullFile": "C:\\Projetos\\PGATS\\Projects\\disciplina Programação para automação\\PGATS_Desafio_FuncaoPagamento\\test\\servicoDePagamentos.test.js",
      "file": "\\test\\servicoDePagamentos.test.js",
      "beforeHooks": [],
      "afterHooks": [],
      "tests": [],
      "suites": [
        {
          "uuid": "7ff6d6cf-854b-4b91-a03f-0674b4241ddf",
          "title": "Validar serviço de Pagamento",
          "fullFile": "C:\\Projetos\\PGATS\\Projects\\disciplina Programação para automação\\PGATS_Desafio_FuncaoPagamento\\test\\servicoDePagamentos.test.js",
          "file": "\\test\\servicoDePagamentos.test.js",
          "beforeHooks": [],
          "afterHooks": [],
          "tests": [
            {
              "title": "Validar que a propriedade categoria é identificada como cara quando o valor de pagamento é maior que 100.00",
              "fullTitle": "Validar serviço de Pagamento Validar que a propriedade categoria é identificada como cara quando o valor de pagamento é maior que 100.00",
              "timedOut": false,
              "duration": 1,
              "state": "passed",
              "speed": "fast",
              "pass": true,
              "fail": false,
              "pending": false,
              "context": null,
              "code": "// arrage\nconst servicoDePagamento = new ServicoDePagamentos();\n// act\nservicoDePagamento.realizarPagamento('0079-8280-KO45', 'GoldEnergy', 150.00);\nconst pagamentos = servicoDePagamento.consultarUltimoPagamento();\nconst meuPagamento = pagamentos;\n// assert\nassert.equal(meuPagamento.CodigoDeBarra,'0079-8280-KO45');\nassert.equal(meuPagamento.Empresa,'GoldEnergy');\nassert.equal(meuPagamento.Valor, 150.00);\nassert.equal(meuPagamento.Categoria,'cara');",
              "err": {},
              "uuid": "53dc96f4-15d7-4bae-b40f-a33de0d63ffe",
              "parentUUID": "7ff6d6cf-854b-4b91-a03f-0674b4241ddf",
              "isHook": false,
              "skipped": false
            },
            {
              "title": "Validar que a propriedade categoria é identificada como padrão quando o valor de pagamento é menor que 100.00",
              "fullTitle": "Validar serviço de Pagamento Validar que a propriedade categoria é identificada como padrão quando o valor de pagamento é menor que 100.00",
              "timedOut": false,
              "duration": 0,
              "state": "passed",
              "speed": "fast",
              "pass": true,
              "fail": false,
              "pending": false,
              "context": null,
              "code": "// arrage\nconst servicoDePagamento = new ServicoDePagamentos();\n// act\nservicoDePagamento.realizarPagamento('0079-8280-KO45', 'GoldEnergy', 99.00);\nconst pagamentos = servicoDePagamento.consultarUltimoPagamento();\nconst meuPagamento = pagamentos;\n// assert\nassert.equal(meuPagamento.CodigoDeBarra,'0079-8280-KO45');\nassert.equal(meuPagamento.Empresa,'GoldEnergy');\nassert.equal(meuPagamento.Valor, 99.00);\nassert.equal(meuPagamento.Categoria,'padrão');",
              "err": {},
              "uuid": "cabfb2f1-f437-4455-923e-aa5a457ee4f3",
              "parentUUID": "7ff6d6cf-854b-4b91-a03f-0674b4241ddf",
              "isHook": false,
              "skipped": false
            },
            {
              "title": "Validar que a propriedade categoria é identificada como padrão quando o valor de pagamento é igual a 100.00",
              "fullTitle": "Validar serviço de Pagamento Validar que a propriedade categoria é identificada como padrão quando o valor de pagamento é igual a 100.00",
              "timedOut": false,
              "duration": 0,
              "state": "passed",
              "speed": "fast",
              "pass": true,
              "fail": false,
              "pending": false,
              "context": null,
              "code": "// arrage\nconst servicoDePagamento = new ServicoDePagamentos();\n// act\nservicoDePagamento.realizarPagamento('0079-8280-KO45', 'GoldEnergy', 100.00);\nconst pagamentos = servicoDePagamento.consultarUltimoPagamento();\nconst meuPagamento = pagamentos;\n// assert\nassert.equal(meuPagamento.CodigoDeBarra,'0079-8280-KO45');\nassert.equal(meuPagamento.Empresa,'GoldEnergy');\nassert.equal(meuPagamento.Valor, 100.00);\nassert.equal(meuPagamento.Categoria,'padrão');",
              "err": {},
              "uuid": "48dce74e-0e5b-4d22-bf42-d1fc58114d2d",
              "parentUUID": "7ff6d6cf-854b-4b91-a03f-0674b4241ddf",
              "isHook": false,
              "skipped": false
            },
            {
              "title": "Validar que ultimo pagamento é retornado",
              "fullTitle": "Validar serviço de Pagamento Validar que ultimo pagamento é retornado",
              "timedOut": false,
              "duration": 0,
              "state": "passed",
              "speed": "fast",
              "pass": true,
              "fail": false,
              "pending": false,
              "context": null,
              "code": "// arrage\nconst servicoDePagamento = new ServicoDePagamentos();\n// act\nservicoDePagamento.realizarPagamento('0079-8280-KO45', 'GoldEnergy', 99.00);\nservicoDePagamento.realizarPagamento('8280-8HG0-KOPI', 'Americanas', 100.00);\nservicoDePagamento.realizarPagamento('1548-HYGF-58YT', 'Malu', 89.00);\nconst pagamentos = servicoDePagamento.consultarUltimoPagamento();\nconst meuPagamento = pagamentos;\n// assert\nassert.equal(meuPagamento.CodigoDeBarra,'1548-HYGF-58YT');\nassert.equal(meuPagamento.Empresa,'Malu');\nassert.equal(meuPagamento.Valor, 89.00);\nassert.equal(meuPagamento.Categoria,'padrão');",
              "err": {},
              "uuid": "c784cea8-8703-431d-846c-edc251289437",
              "parentUUID": "7ff6d6cf-854b-4b91-a03f-0674b4241ddf",
              "isHook": false,
              "skipped": false
            }
          ],
          "suites": [],
          "passes": [
            "53dc96f4-15d7-4bae-b40f-a33de0d63ffe",
            "cabfb2f1-f437-4455-923e-aa5a457ee4f3",
            "48dce74e-0e5b-4d22-bf42-d1fc58114d2d",
            "c784cea8-8703-431d-846c-edc251289437"
          ],
          "failures": [],
          "pending": [],
          "skipped": [],
          "duration": 1,
          "root": false,
          "rootEmpty": false,
          "_timeout": 2000
        }
      ],
      "passes": [],
      "failures": [],
      "pending": [],
      "skipped": [],
      "duration": 0,
      "root": true,
      "rootEmpty": true,
      "_timeout": 2000
    }
  ],
  "meta": {
    "mocha": {
      "version": "11.7.6"
    },
    "mochawesome": {
      "options": {
        "quiet": false,
        "reportFilename": "mochawesome",
        "saveHtml": true,
        "saveJson": true,
        "consoleReporter": "spec",
        "useInlineDiffs": false,
        "code": true
      },
      "version": "7.1.4"
    },
    "marge": {
      "options": null,
      "version": "6.3.2"
    }
  }
}